<?xml version="1.0" encoding="UTF-8"?>
<testsuite xmlns:xsi="http://www.w3.org/2001/XMLSchema-instance" xsi:noNamespaceSchemaLocation="https://maven.apache.org/surefire/maven-surefire-plugin/xsd/surefire-test-report.xsd" name="tests.loans.positive.CarLeasingPositiveTest" time="12.05" tests="2" errors="0" skipped="0" failures="0">
  <properties>
[...]
</properties>
  <testcase name="applyCarsWithMileage" classname="tests.loans.positive.CarLeasingPositiveTest" time="6.512"/>
  <testcase name="goToTheTabAgreements" classname="tests.loans.positive.CarLeasingPositiveTest" time="3.956"/>
</testsuite>